2022-10-06 11:19:41,810 [Worker-6: Loading available Gradle versions] INFO  o.e.b.c.i.u.g.PublishedGradleVersions - Gradle version information cache is not available. Remote download required.
2023-09-09 14:05:23,248 [Worker-2: Loading available Gradle versions] INFO  o.e.b.c.i.u.g.PublishedGradleVersions - Gradle version information cache is up-to-date. Trying to read.
2023-09-09 14:09:40,112 [Worker-19: Update Maven projects configuration] INFO  o.e.m.c.i.p.ProjectConfigurationManager - Update started
2023-09-09 14:09:40,783 [Worker-19: Update Maven projects configuration] INFO  o.e.m.c.i.l.LifecycleMappingFactory - Using org.maven.ide.eclipse.wtp.WarLifecycleMapping lifecycle mapping for MavenProject: com.kmj:safe:0.0.1-SNAPSHOT @ C:\mra\MRiskAssessment\MRiskAssessment\pom.xml.
2023-09-09 14:09:42,252 [Worker-19: Update Maven projects configuration] INFO  o.e.m.j.i.AbstractJavaProjectConfigurator - Adding source folder /MRiskAssessment/src/main/java
2023-09-09 14:09:42,252 [Worker-19: Update Maven projects configuration] INFO  o.e.m.j.i.AbstractJavaProjectConfigurator - Adding resource folder /MRiskAssessment/src/main/resources
2023-09-09 14:09:42,314 [Worker-19: Update Maven projects configuration] INFO  o.e.m.j.i.AbstractJavaProjectConfigurator - Adding resource folder /MRiskAssessment/src/main/resources
2023-09-09 14:09:42,419 [Worker-19: Update Maven projects configuration] INFO  o.e.m.j.i.AbstractJavaProjectConfigurator - Adding source folder /MRiskAssessment/src/test/java
2023-09-09 14:09:45,921 [Worker-18: Building] INFO  o.e.m.c.i.embedder.EclipseLogger - Using 'UTF-8' encoding to copy filtered resources.
2023-09-09 14:09:45,922 [Worker-18: Building] INFO  o.e.m.c.i.embedder.EclipseLogger - Using 'UTF-8' encoding to copy filtered properties files.
2023-09-09 14:09:45,943 [Worker-18: Building] INFO  o.e.m.c.i.embedder.EclipseLogger - Copying 2 resources
2023-09-09 14:09:46,007 [Worker-18: Building] INFO  o.e.m.c.i.embedder.EclipseLogger - Copying 4444 resources
2023-09-09 14:10:06,276 [Worker-18: Building] INFO  o.e.m.c.i.embedder.EclipseLogger - Using 'UTF-8' encoding to copy filtered resources.
2023-09-09 14:10:06,276 [Worker-18: Building] INFO  o.e.m.c.i.embedder.EclipseLogger - Using 'UTF-8' encoding to copy filtered properties files.
2023-09-09 14:10:06,276 [Worker-18: Building] INFO  o.e.m.c.i.embedder.EclipseLogger - skip non existing resourceDirectory C:\mra\MRiskAssessment\MRiskAssessment\src\test\resources
2023-09-09 14:10:11,467 [Worker-17: Building] INFO  o.e.m.c.i.embedder.EclipseLogger - Using 'UTF-8' encoding to copy filtered resources.
2023-09-09 14:10:11,468 [Worker-17: Building] INFO  o.e.m.c.i.embedder.EclipseLogger - Using 'UTF-8' encoding to copy filtered properties files.
2023-09-09 14:10:12,075 [Worker-17: Building] INFO  o.e.m.c.i.embedder.EclipseLogger - Copying 2 resources
2023-09-09 14:10:12,636 [Worker-17: Building] INFO  o.e.m.c.i.embedder.EclipseLogger - Copying 4444 resources
2023-09-09 14:10:28,758 [Worker-17: Building] INFO  o.e.m.c.i.embedder.EclipseLogger - Using 'UTF-8' encoding to copy filtered resources.
2023-09-09 14:10:28,758 [Worker-17: Building] INFO  o.e.m.c.i.embedder.EclipseLogger - Using 'UTF-8' encoding to copy filtered properties files.
2023-09-09 14:10:28,758 [Worker-17: Building] INFO  o.e.m.c.i.embedder.EclipseLogger - skip non existing resourceDirectory C:\mra\MRiskAssessment\MRiskAssessment\src\test\resources
2023-09-09 14:10:33,112 [Worker-14: Remove Repositories] WARN  org.eclipse.jgit.lib.Repository - close() called when useCnt is already zero for Repository[C:\mra\MRiskAssessment\MRiskAssessment\.git]
2023-09-09 14:10:33,306 [Worker-19: Update Maven projects configuration] WARN  o.e.m.c.p.c.AbstractLifecycleMapping - Could not update project MRiskAssessment configuration
java.lang.IllegalStateException: Preference node "org.eclipse.jdt.apt.core" has been removed.
	at org.eclipse.core.internal.preferences.EclipsePreferences.checkRemoved(EclipsePreferences.java:169)
	at org.eclipse.core.internal.preferences.EclipsePreferences.internalFlush(EclipsePreferences.java:408)
	at org.eclipse.core.internal.resources.ProjectPreferences.flush(ProjectPreferences.java:438)
	at org.eclipse.jdt.apt.core.util.AptConfig.flushPreference(AptConfig.java:976)
	at org.eclipse.jdt.apt.core.util.AptConfig.setString(AptConfig.java:971)
	at org.eclipse.jdt.apt.core.util.AptConfig.setGenSrcDir(AptConfig.java:917)
	at org.eclipse.m2e.apt.internal.AbstractAptConfiguratorDelegate.configureProject(AbstractAptConfiguratorDelegate.java:168)
	at org.eclipse.m2e.apt.internal.AbstractAptProjectConfigurator.lambda$0(AbstractAptProjectConfigurator.java:95)
	at org.eclipse.m2e.core.internal.embedder.MavenExecutionContext.executeBare(MavenExecutionContext.java:350)
	at org.eclipse.m2e.core.internal.embedder.MavenExecutionContext.execute(MavenExecutionContext.java:262)
	at org.eclipse.m2e.core.internal.embedder.MavenExecutionContext.execute(MavenExecutionContext.java:205)
	at org.eclipse.m2e.apt.internal.AbstractAptProjectConfigurator.configure(AbstractAptProjectConfigurator.java:88)
	at org.eclipse.m2e.core.project.configurator.AbstractLifecycleMapping.configure(AbstractLifecycleMapping.java:125)
	at org.eclipse.m2e.core.internal.project.ProjectConfigurationManager.lambda$6(ProjectConfigurationManager.java:475)
	at org.eclipse.m2e.core.internal.embedder.MavenExecutionContext.executeBare(MavenExecutionContext.java:350)
	at org.eclipse.m2e.core.internal.embedder.MavenExecutionContext.execute(MavenExecutionContext.java:262)
	at org.eclipse.m2e.core.internal.project.ProjectConfigurationManager.updateProjectConfiguration(ProjectConfigurationManager.java:469)
	at org.eclipse.m2e.core.internal.project.ProjectConfigurationManager.lambda$4(ProjectConfigurationManager.java:413)
	at java.base/java.util.Collection.removeIf(Collection.java:576)
	at org.eclipse.m2e.core.internal.project.ProjectConfigurationManager.updateProjectConfiguration0(ProjectConfigurationManager.java:407)
	at org.eclipse.m2e.core.internal.project.ProjectConfigurationManager.lambda$3(ProjectConfigurationManager.java:339)
	at org.eclipse.m2e.core.internal.embedder.MavenExecutionContext.executeBare(MavenExecutionContext.java:350)
	at org.eclipse.m2e.core.internal.embedder.MavenExecutionContext.execute(MavenExecutionContext.java:262)
	at org.eclipse.m2e.core.internal.embedder.MavenExecutionContext.execute(MavenExecutionContext.java:205)
	at org.eclipse.m2e.core.internal.embedder.MavenImpl.execute(MavenImpl.java:1093)
	at org.eclipse.m2e.core.internal.project.ProjectConfigurationManager.updateProjectConfiguration(ProjectConfigurationManager.java:338)
	at org.eclipse.m2e.core.ui.internal.project.MavenProjectConfigurator$UpdateMavenConfigurationJob.run(MavenProjectConfigurator.java:169)
	at org.eclipse.core.internal.jobs.Worker.run(Worker.java:63)
2023-09-09 14:10:33,308 [Worker-19: Update Maven projects configuration] INFO  o.e.m.c.i.p.ProjectConfigurationManager - Update completed: 53 sec
2023-09-09 14:12:42,946 [Worker-3: Loading available Gradle versions] INFO  o.e.b.c.i.u.g.PublishedGradleVersions - Gradle version information cache is up-to-date. Trying to read.
